
> kaizen@0.0.1 start /var/www/kaizen.codingdiaries.com
> node ./bin/www

[90mGET / [32m200 [90m497ms - 2.6kb[0m
[90mGET /css/style.css [32m200 [90m46ms - 1.36kb[0m
[90mGET /js/script.js [36m304 [90m3ms[0m

> kaizen@0.0.1 start /var/www/kaizen.codingdiaries.com
> node ./bin/www

[90mGET / [36m304 [90m596ms[0m
[90mGET /css/style.css [32m200 [90m90ms - 1.36kb[0m
[90mGET /js/script.js [36m304 [90m5ms[0m
[90mGET /new_simulation [36m304 [90m109ms[0m
[90mGET /css/style.css [36m304 [90m2ms[0m
[90mGET /js/script.js [36m304 [90m2ms[0m
[90mGET / [36m304 [90m3ms[0m
[90mGET /css/style.css [36m304 [90m1ms[0m
[90mGET /js/script.js [36m304 [90m1ms[0m
[90mGET /new_simulation [36m304 [90m2ms[0m
[90mGET /js/script.js [36m304 [90m1ms[0m
[90mGET /css/style.css [36m304 [90m1ms[0m
[90mGET / [36m304 [90m4ms[0m
[90mGET /css/style.css [36m304 [90m2ms[0m
[90mGET /js/script.js [36m304 [90m2ms[0m
[90mGET / [36m304 [90m1ms[0m
[90mGET / [32m200 [90m3ms - 2.6kb[0m
[90mGET /css/style.css [36m304 [90m2ms[0m
[90mGET /js/script.js [36m304 [90m1ms[0m
[90mGET / [36m304 [90m1ms[0m
[90mGET /css/style.css [36m304 [90m2ms[0m
[90mGET /js/script.js [36m304 [90m1ms[0m
[90mGET / [32m200 [90m4ms - 2.6kb[0m
[90mGET /css/style.css [36m304 [90m3ms[0m
[90mGET /js/script.js [36m304 [90m4ms[0m
[90mGET /new_simulation [36m304 [90m1ms[0m
[90mGET /css/style.css [36m304 [90m1ms[0m
[90mGET /js/script.js [36m304 [90m1ms[0m
[90mGET / [32m200 [90m4ms - 2.6kb[0m
[90mGET /css/style.css [32m200 [90m3ms - 1.06kb[0m
[90mGET /js/script.js [32m200 [90m1ms - 286b[0m
[90mGET / [32m200 [90m3ms - 2.6kb[0m
[90mGET /css/style.css [32m200 [90m2ms - 1.06kb[0m
[90mGET /js/script.js [32m200 [90m1ms - 286b[0m
[90mGET /new_simulation [32m200 [90m1ms - 2.49kb[0m
[90mGET /css/style.css [32m200 [90m2ms - 1.06kb[0m
[90mGET /js/script.js [32m200 [90m1ms - 286b[0m
[90mGET /new_simulation [32m200 [90m3ms - 2.49kb[0m
[90mGET /css/style.css [32m200 [90m1ms - 1.06kb[0m
[90mGET /js/script.js [32m200 [90m1ms - 286b[0m
[90mGET /new_simulation [32m200 [90m2ms - 2.49kb[0m
[90mGET /css/style.css [32m200 [90m1ms - 1.06kb[0m
[90mGET /js/script.js [32m200 [90m1ms - 286b[0m
[90mGET /new_simulation [32m200 [90m2ms - 2.49kb[0m
[90mGET /css/style.css [32m200 [90m4ms - 1.06kb[0m
[90mGET /js/script.js [32m200 [90m1ms - 286b[0m
[90mGET /new_simulation [32m200 [90m2ms - 2.49kb[0m
[90mGET /css/style.css [32m200 [90m1ms - 1.06kb[0m
[90mGET /js/script.js [32m200 [90m2ms - 286b[0m
[90mGET / [32m200 [90m1ms - 2.6kb[0m
[90mGET /css/style.css [32m200 [90m2ms - 1.06kb[0m
[90mGET /js/script.js [32m200 [90m2ms - 286b[0m
[90mGET / [32m200 [90m1ms - 2.6kb[0m
[90mGET /css/style.css [32m200 [90m2ms - 1.06kb[0m
[90mGET /js/script.js [32m200 [90m1ms - 286b[0m
[90mGET / [32m200 [90m1ms - 2.6kb[0m
[90mGET /css/style.css [32m200 [90m2ms - 1.06kb[0m
[90mGET /js/script.js [32m200 [90m1ms - 286b[0m

> kaizen@0.0.1 start /var/www/kaizen.codingdiaries.com
> node ./bin/www


module.js:340
    throw err;
          ^
Error: Cannot find module 'mongodb'
    at Function.Module._resolveFilename (module.js:338:15)
    at Function.Module._load (module.js:280:25)
    at Module.require (module.js:364:17)
    at require (module.js:380:17)
    at Object.<anonymous> (/var/www/kaizen.codingdiaries.com/app.js:13:13)
    at Module._compile (module.js:456:26)
    at Object.Module._extensions..js (module.js:474:10)
    at Module.load (module.js:356:32)
    at Function.Module._load (module.js:312:12)
    at Module.require (module.js:364:17)

npm ERR! kaizen@0.0.1 start: `node ./bin/www`
npm ERR! Exit status 8
npm ERR! 
npm ERR! Failed at the kaizen@0.0.1 start script.
npm ERR! This is most likely a problem with the kaizen package,
npm ERR! not with npm itself.
npm ERR! Tell the author that this fails on your system:
npm ERR!     node ./bin/www
npm ERR! You can get their info via:
npm ERR!     npm owner ls kaizen
npm ERR! There is likely additional logging output above.
npm ERR! System Linux 3.11.0-12-generic
npm ERR! command "node" "/usr/local/bin/npm" "start"
npm ERR! cwd /var/www/kaizen.codingdiaries.com
npm ERR! node -v v0.10.23
npm ERR! npm -v 1.4.15
npm ERR! code ELIFECYCLE
npm ERR! 
npm ERR! Additional logging details can be found in:
npm ERR!     /var/www/kaizen.codingdiaries.com/npm-debug.log
npm ERR! not ok code 0
[90mGET / [32m200 [90m2ms - 2.6kb[0m
[90mGET /css/style.css [32m200 [90m2ms - 1.06kb[0m
[90mGET /js/script.js [32m200 [90m2ms - 286b[0m
[90mGET /new_simulation [32m200 [90m1ms - 2.49kb[0m
[90mGET /css/style.css [32m200 [90m1ms - 1.06kb[0m
[90mGET /js/script.js [32m200 [90m1ms - 286b[0m
[90mGET /new_simulation [32m200 [90m1ms - 2.49kb[0m
[90mGET /js/script.js [32m200 [90m3ms - 286b[0m
[90mGET /css/style.css [32m200 [90m3ms - 1.06kb[0m
[90mGET / [32m200 [90m2ms - 2.6kb[0m
[90mGET /css/style.css [32m200 [90m1ms - 1.06kb[0m
[90mGET /js/script.js [32m200 [90m2ms - 286b[0m
[90mGET / [32m200 [90m2ms - 2.6kb[0m
[90mGET /css/style.css [32m200 [90m3ms - 1.06kb[0m
[90mGET /js/script.js [32m200 [90m1ms - 286b[0m

> kaizen@0.0.1 start /var/www/kaizen.codingdiaries.com
> node ./bin/www


> kaizen@0.0.1 start /var/www/kaizen.codingdiaries.com
> node ./bin/www

[90mGET / [36m304 [90m403ms[0m
[90mGET /css/style.css [32m200 [90m42ms - 1.06kb[0m
[90mGET /js/script.js [36m304 [90m4ms[0m
[90mGET /js/uuid.js [36m304 [90m4ms[0m
[90mGET /js/workstation.js [36m304 [90m3ms[0m
[90mGET /css/diagram.css [32m200 [90m19ms - 1.07kb[0m
[90mGET /new_simulation [36m304 [90m158ms[0m
[90mGET /css/style.css [36m304 [90m3ms[0m
[90mGET /js/script.js [36m304 [90m1ms[0m
[90mGET /js/uuid.js [36m304 [90m2ms[0m
[90mGET /css/diagram.css [36m304 [90m2ms[0m
[90mGET /js/workstation.js [36m304 [90m1ms[0m
[90mGET / [32m200 [90m4ms - 2.79kb[0m
[90mGET /css/style.css [32m200 [90m3ms - 1.06kb[0m
[90mGET /css/diagram.css [32m200 [90m2ms - 1.07kb[0m
[90mGET /js/script.js [32m200 [90m4ms - 286b[0m
[90mGET /js/uuid.js [32m200 [90m4ms - 7.07kb[0m
[90mGET /js/workstation.js [32m200 [90m2ms - 4.43kb[0m
[90mGET /new_simulation [32m200 [90m2ms - 4.83kb[0m
[90mGET /css/style.css [36m304 [90m2ms[0m
[90mGET /css/diagram.css [36m304 [90m2ms[0m
[90mGET /js/uuid.js [36m304 [90m1ms[0m
[90mGET /js/script.js [36m304 [90m1ms[0m
[90mGET /js/workstation.js [36m304 [90m0ms[0m
[90mGET / [36m304 [90m13ms[0m
[90mGET /css/style.css [36m304 [90m1ms[0m
[90mGET /css/diagram.css [36m304 [90m1ms[0m
[90mGET /js/script.js [36m304 [90m1ms[0m
[90mGET /js/uuid.js [36m304 [90m1ms[0m
[90mGET /js/workstation.js [36m304 [90m1ms[0m
[90mGET /new_simulation [36m304 [90m1ms[0m
[90mGET /css/diagram.css [36m304 [90m2ms[0m
[90mGET /css/style.css [36m304 [90m2ms[0m
[90mGET /js/uuid.js [36m304 [90m1ms[0m
[90mGET /js/script.js [36m304 [90m2ms[0m
[90mGET /js/workstation.js [36m304 [90m2ms[0m
